java.util.concurrent.RejectedExecutionException: Task scala.concurrent.impl.CallbackRunnable@28c5d1b6 rejected from java.util.concurrent.ThreadPoolExecutor@77491396[Shutting down, pool size = 1, active threads = 1, queued tasks = 0, completed tasks = 1]
	at java.util.concurrent.ThreadPoolExecutor$AbortPolicy.rejectedExecution(ThreadPoolExecutor.java:2063)
	at java.util.concurrent.ThreadPoolExecutor.reject(ThreadPoolExecutor.java:830)
	at java.util.concurrent.ThreadPoolExecutor.execute(ThreadPoolExecutor.java:1379)
	at scala.concurrent.impl.ExecutionContextImpl$$anon$4.execute(ExecutionContextImpl.scala:138)
	at scala.concurrent.impl.CallbackRunnable.executeWithValue(Promise.scala:72)
	at scala.concurrent.impl.Promise$DefaultPromise.$anonfun$tryComplete$1(Promise.scala:288)
	at scala.concurrent.impl.Promise$DefaultPromise.$anonfun$tryComplete$1$adapted(Promise.scala:288)
	at scala.concurrent.impl.Promise$DefaultPromise.tryComplete(Promise.scala:288)
	at scala.concurrent.Promise.complete(Promise.scala:53)
	at scala.concurrent.Promise.complete$(Promise.scala:52)
	at scala.concurrent.impl.Promise$DefaultPromise.complete(Promise.scala:187)
	at scala.concurrent.impl.Promise.$anonfun$transform$1(Promise.scala:33)
	at scala.concurrent.impl.CallbackRunnable.run(Promise.scala:64)
	at java.util.concurrent.ThreadPoolExecutor.runWorker(ThreadPoolExecutor.java:1149)
	at java.util.concurrent.ThreadPoolExecutor$Worker.run(ThreadPoolExecutor.java:624)
	at java.lang.Thread.run(Thread.java:748)
INFO  time: initialize in 0.99s
WARN  no build tool detected in workspace '/Users/yuriy.shefer/personal/AlGoCruncher'. The most common cause for this problem is that the editor was opened in the wrong working directory, for example if you use sbt then the workspace directory should contain build.sbt. 
WARN  no build target: /Users/yuriy.shefer/personal/AlGoCruncher/LinkedIn/CombinationSum.scala
INFO  shutting down Metals
2020.07.27 21:54:08 INFO  started: Metals version 0.9.2 in workspace '/Users/sheffmachine/Projects/algocruncher' for client vscode.
2020.07.27 21:54:09 INFO  time: initialize in 0.36s
2020.07.27 21:54:09 WARN  resetting database: /Users/sheffmachine/Projects/algocruncher/.metals/metals.h2.db
2020.07.27 21:54:09 WARN  no build tool detected in workspace '/Users/sheffmachine/Projects/algocruncher'. The most common cause for this problem is that the editor was opened in the wrong working directory, for example if you use sbt then the workspace directory should contain build.sbt. 
2020.07.27 21:54:09 INFO  no build target: using presentation compiler with only scala-library
2020.07.27 21:54:11 WARN  no build target for: /Users/sheffmachine/Projects/algocruncher/Grinder/fizzBuzz.scala
2020.07.27 21:54:11 WARN  no build target for: /Users/sheffmachine/Projects/algocruncher/Grinder/arrayChunk.scala
2020.07.27 21:54:11 WARN  no build target for: /Users/sheffmachine/Projects/algocruncher/Grinder/arrayChunkII.scala
2020.07.27 21:54:11 WARN  no build target for: /Users/sheffmachine/Projects/algocruncher/Grinder/arrayChunkIII.scala
2020.07.27 21:54:11 WARN  no build target for: /Users/sheffmachine/Projects/algocruncher/Grinder/anagrams.scala
Jul 27, 2020 9:54:12 PM org.eclipse.lsp4j.jsonrpc.RemoteEndpoint handleCancellation
WARNING: Unmatched cancel notification for request id 1
2020.07.27 21:54:29 WARN  no build target for: /Users/sheffmachine/Projects/algocruncher/Grinder/anagrams.scala
2020.07.27 21:54:31 WARN  no build target for: /Users/sheffmachine/Projects/algocruncher/Grinder/anagrams.scala
2020.07.27 21:54:35 WARN  no build target for: /Users/sheffmachine/Projects/algocruncher/Grinder/anagrams.scala
something's wrong: no file:///Users/sheffmachine/Projects/algocruncher/Grinder/anagrams.scala in Map[Char,<error>]RangePosition(file:///Users/sheffmachine/Projects/algocruncher/Grinder/anagrams.scala, 208, 208, 226)
something's wrong: no file:///Users/sheffmachine/Projects/algocruncher/Grinder/anagrams.scala in Map[Char,<error>]RangePosition(file:///Users/sheffmachine/Projects/algocruncher/Grinder/anagrams.scala, 208, 208, 227)
something's wrong: no file:///Users/sheffmachine/Projects/algocruncher/Grinder/anagrams.scala in Map[Char,<error>]RangePosition(file:///Users/sheffmachine/Projects/algocruncher/Grinder/anagrams.scala, 208, 208, 220)
something's wrong: no file:///Users/sheffmachine/Projects/algocruncher/Grinder/anagrams.scala in Map[Char,String]RangePosition(file:///Users/sheffmachine/Projects/algocruncher/Grinder/anagrams.scala, 208, 208, 225)
2020.07.27 21:55:26 WARN  no build tool detected in workspace '/Users/sheffmachine/Projects/algocruncher'. The most common cause for this problem is that the editor was opened in the wrong working directory, for example if you use sbt then the workspace directory should contain build.sbt. 
2020.07.27 21:55:28 WARN  no build target for: /Users/sheffmachine/Projects/algocruncher/Grinder/anagrams.scala
2020.07.27 21:55:44 WARN  no build target for: /Users/sheffmachine/Projects/algocruncher/Grinder/anagrams.scala
2020.07.27 21:56:27 WARN  no build target for: /Users/sheffmachine/Projects/algocruncher/Grinder/anagrams.scala
Jul 27, 2020 9:57:56 PM org.eclipse.lsp4j.jsonrpc.RemoteEndpoint handleCancellation
WARNING: Unmatched cancel notification for request id 356
2020.07.27 21:57:58 WARN  no build target for: /Users/sheffmachine/Projects/algocruncher/Grinder/anagrams.scala
2020.07.27 22:01:18 WARN  no build tool detected in workspace '/Users/sheffmachine/Projects/algocruncher'. The most common cause for this problem is that the editor was opened in the wrong working directory, for example if you use sbt then the workspace directory should contain build.sbt. 
2020.07.27 22:01:18 WARN  no build target for: /Users/sheffmachine/Projects/algocruncher/Grinder/anagrams.scala
2020.07.27 22:03:03 WARN  no build target for: /Users/sheffmachine/Projects/algocruncher/Grinder/anagramsII.scala
2020.07.27 22:03:21 WARN  no build tool detected in workspace '/Users/sheffmachine/Projects/algocruncher'. The most common cause for this problem is that the editor was opened in the wrong working directory, for example if you use sbt then the workspace directory should contain build.sbt. 
2020.07.27 22:03:23 WARN  no build tool detected in workspace '/Users/sheffmachine/Projects/algocruncher'. The most common cause for this problem is that the editor was opened in the wrong working directory, for example if you use sbt then the workspace directory should contain build.sbt. 
2020.07.27 22:03:23 WARN  no build target for: /Users/sheffmachine/Projects/algocruncher/Grinder/anagramsII.scala
2020.07.27 22:04:27 WARN  no build target for: /Users/sheffmachine/Projects/algocruncher/Grinder/anagramsII.scala
2020.07.27 22:04:39 WARN  no build tool detected in workspace '/Users/sheffmachine/Projects/algocruncher'. The most common cause for this problem is that the editor was opened in the wrong working directory, for example if you use sbt then the workspace directory should contain build.sbt. 
2020.07.27 22:04:39 WARN  no build tool detected in workspace '/Users/sheffmachine/Projects/algocruncher'. The most common cause for this problem is that the editor was opened in the wrong working directory, for example if you use sbt then the workspace directory should contain build.sbt. 
2020.07.27 22:04:39 WARN  no build tool detected in workspace '/Users/sheffmachine/Projects/algocruncher'. The most common cause for this problem is that the editor was opened in the wrong working directory, for example if you use sbt then the workspace directory should contain build.sbt. 
2020.07.27 22:04:44 WARN  no build target for: /Users/sheffmachine/Projects/algocruncher/Grinder/anagramsII.scala
2020.07.27 22:06:27 WARN  no build target for: /Users/sheffmachine/Projects/algocruncher/Grinder/capitalizeFirst.scala
2020.07.27 22:06:51 WARN  no build target for: /Users/sheffmachine/Projects/algocruncher/Grinder/capitalizeFirst.scala
2020.07.27 22:07:35 WARN  no build target for: /Users/sheffmachine/Projects/algocruncher/Grinder/capitalizeFirst.scala
2020.07.27 22:07:46 WARN  no build target for: /Users/sheffmachine/Projects/algocruncher/Grinder/capitalizeFirst.scala
2020.07.27 22:08:39 WARN  no build tool detected in workspace '/Users/sheffmachine/Projects/algocruncher'. The most common cause for this problem is that the editor was opened in the wrong working directory, for example if you use sbt then the workspace directory should contain build.sbt. 
2020.07.27 22:08:39 WARN  no build target for: /Users/sheffmachine/Projects/algocruncher/Grinder/capitalizeFirst.scala
2020.07.28 08:13:54 WARN  no build target for: /Users/sheffmachine/Projects/algocruncher/Grinder/steps.scala
2020.07.28 08:14:16 WARN  no build target for: /Users/sheffmachine/Projects/algocruncher/Grinder/steps.scala
2020.07.28 08:14:46 WARN  no build target for: /Users/sheffmachine/Projects/algocruncher/Grinder/steps.scala
2020.07.28 08:15:01 WARN  no build target for: /Users/sheffmachine/Projects/algocruncher/Grinder/steps.scala
2020.07.28 08:18:07 WARN  no build target for: /Users/sheffmachine/Projects/algocruncher/Grinder/steps.scala
2020.07.28 08:18:24 WARN  no build target for: /Users/sheffmachine/Projects/algocruncher/Grinder/steps.scala
2020.07.28 08:18:51 WARN  no build target for: /Users/sheffmachine/Projects/algocruncher/Grinder/steps.scala
2020.07.28 08:29:57 WARN  no build target for: /Users/sheffmachine/Projects/algocruncher/Grinder/steps.scala
2020.07.28 08:30:05 WARN  no build target for: /Users/sheffmachine/Projects/algocruncher/Grinder/starsII.scala
2020.07.28 08:30:26 WARN  no build target for: /Users/sheffmachine/Projects/algocruncher/Grinder/starsII.scala
2020.07.28 08:32:28 WARN  no build tool detected in workspace '/Users/sheffmachine/Projects/algocruncher'. The most common cause for this problem is that the editor was opened in the wrong working directory, for example if you use sbt then the workspace directory should contain build.sbt. 
2020.07.28 08:32:50 WARN  no build target for: /Users/sheffmachine/Projects/algocruncher/Grinder/starsII.scala
2020.07.28 08:33:08 WARN  no build tool detected in workspace '/Users/sheffmachine/Projects/algocruncher'. The most common cause for this problem is that the editor was opened in the wrong working directory, for example if you use sbt then the workspace directory should contain build.sbt. 
2020.07.28 08:33:36 WARN  no build tool detected in workspace '/Users/sheffmachine/Projects/algocruncher'. The most common cause for this problem is that the editor was opened in the wrong working directory, for example if you use sbt then the workspace directory should contain build.sbt. 
2020.07.28 08:33:58 WARN  no build target for: /Users/sheffmachine/Projects/algocruncher/Grinder/starsII.scala
2020.07.28 08:34:18 WARN  no build target for: /Users/sheffmachine/Projects/algocruncher/Grinder/starsII.scala
2020.07.28 08:34:35 WARN  no build target for: /Users/sheffmachine/Projects/algocruncher/Grinder/starsII.scala
2020.07.28 08:34:47 WARN  no build tool detected in workspace '/Users/sheffmachine/Projects/algocruncher'. The most common cause for this problem is that the editor was opened in the wrong working directory, for example if you use sbt then the workspace directory should contain build.sbt. 
2020.07.28 08:34:50 WARN  no build target for: /Users/sheffmachine/Projects/algocruncher/Grinder/starsII.scala
2020.07.28 08:36:23 WARN  no build target for: /Users/sheffmachine/Projects/algocruncher/Grinder/starsII.scala
2020.07.28 08:38:26 WARN  no build target for: /Users/sheffmachine/Projects/algocruncher/Grinder/pyramid.scala
2020.07.28 08:38:48 WARN  no build target for: /Users/sheffmachine/Projects/algocruncher/Grinder/pyramid.scala
2020.07.28 09:43:35 WARN  no build target for: /Users/sheffmachine/Projects/algocruncher/Grinder/pyramid.scala
2020.07.28 09:44:02 WARN  no build target for: /Users/sheffmachine/Projects/algocruncher/Grinder/pyramid.scala
2020.07.28 09:44:16 WARN  no build tool detected in workspace '/Users/sheffmachine/Projects/algocruncher'. The most common cause for this problem is that the editor was opened in the wrong working directory, for example if you use sbt then the workspace directory should contain build.sbt. 
2020.07.28 09:44:22 WARN  no build target for: /Users/sheffmachine/Projects/algocruncher/Grinder/pyramid.scala
2020.07.28 09:45:59 WARN  no build target for: /Users/sheffmachine/Projects/algocruncher/Grinder/pyramid.scala
2020.07.28 09:47:10 WARN  no build target for: /Users/sheffmachine/Projects/algocruncher/Grinder/pyramid.scala
2020.07.28 09:47:23 WARN  no build target for: /Users/sheffmachine/Projects/algocruncher/Grinder/pyramid.scala
2020.07.28 09:47:23 WARN  no build tool detected in workspace '/Users/sheffmachine/Projects/algocruncher'. The most common cause for this problem is that the editor was opened in the wrong working directory, for example if you use sbt then the workspace directory should contain build.sbt. 
2020.07.28 09:47:31 WARN  no build target for: /Users/sheffmachine/Projects/algocruncher/Grinder/pyramid.scala
2020.07.28 18:23:20 WARN  no build target for: /Users/sheffmachine/Projects/algocruncher/Grinder/isVowel.scala
Jul 28, 2020 6:23:24 PM org.eclipse.lsp4j.jsonrpc.RemoteEndpoint handleCancellation
WARNING: Unmatched cancel notification for request id 3473
2020.07.28 18:24:42 WARN  no build target for: /Users/sheffmachine/Projects/algocruncher/Grinder/isVowel.scala
2020.07.28 18:25:54 ERROR scalafmt: /Users/sheffmachine/Projects/algocruncher/Grinder/isVowel.scala:4: error: illegal start of simple expression
    str.reduce((acc, char) => )
                              ^
2020.07.28 18:25:54 WARN  no build target for: /Users/sheffmachine/Projects/algocruncher/Grinder/isVowel.scala
2020.07.28 18:25:54 WARN  no build tool detected in workspace '/Users/sheffmachine/Projects/algocruncher'. The most common cause for this problem is that the editor was opened in the wrong working directory, for example if you use sbt then the workspace directory should contain build.sbt. 
2020.07.28 18:26:08 WARN  no build target for: /Users/sheffmachine/Projects/algocruncher/Grinder/isVowel.scala
2020.07.28 18:27:18 ERROR scalafmt: /Users/sheffmachine/Projects/algocruncher/Grinder/isVowel.scala:4: error: ) expected but else found
    str.foldLeft(0) {(acc, char) => if (vowels.contains(char.toLower()) acc + 1 else acc)}
                                                                                ^
2020.07.28 18:27:18 WARN  no build target for: /Users/sheffmachine/Projects/algocruncher/Grinder/isVowel.scala
2020.07.28 18:27:34 WARN  no build target for: /Users/sheffmachine/Projects/algocruncher/Grinder/isVowel.scala
2020.07.28 18:27:43 WARN  no build target for: /Users/sheffmachine/Projects/algocruncher/Grinder/isVowel.scala
2020.07.28 18:27:49 WARN  no build target for: /Users/sheffmachine/Projects/algocruncher/Grinder/isVowel.scala
2020.07.28 18:28:01 WARN  no build tool detected in workspace '/Users/sheffmachine/Projects/algocruncher'. The most common cause for this problem is that the editor was opened in the wrong working directory, for example if you use sbt then the workspace directory should contain build.sbt. 
2020.07.28 18:28:01 WARN  no build tool detected in workspace '/Users/sheffmachine/Projects/algocruncher'. The most common cause for this problem is that the editor was opened in the wrong working directory, for example if you use sbt then the workspace directory should contain build.sbt. 
2020.07.28 18:28:02 WARN  no build tool detected in workspace '/Users/sheffmachine/Projects/algocruncher'. The most common cause for this problem is that the editor was opened in the wrong working directory, for example if you use sbt then the workspace directory should contain build.sbt. 
2020.07.28 18:28:10 WARN  no build target for: /Users/sheffmachine/Projects/algocruncher/Grinder/isVowel.scala
2020.07.28 18:28:20 WARN  no build target for: /Users/sheffmachine/Projects/algocruncher/Grinder/isVowel.scala
2020.07.28 18:28:33 ERROR scalafmt: /Users/sheffmachine/Projects/algocruncher/Grinder/isVowel.scala:6: error: ) expected but else found
      else acc
      ^
2020.07.28 18:28:33 WARN  no build target for: /Users/sheffmachine/Projects/algocruncher/Grinder/isVowel.scala
2020.07.28 18:28:37 WARN  no build target for: /Users/sheffmachine/Projects/algocruncher/Grinder/isVowel.scala
2020.07.28 18:28:52 WARN  no build target for: /Users/sheffmachine/Projects/algocruncher/Grinder/isVowel.scala
2020.07.28 18:29:03 WARN  no build target for: /Users/sheffmachine/Projects/algocruncher/Grinder/isVowel.scala
2020.07.28 18:32:13 WARN  no build target for: /Users/sheffmachine/Projects/algocruncher/Grinder/matrixSpirtal.scala
2020.07.28 18:32:30 WARN  no build target for: /Users/sheffmachine/Projects/algocruncher/Grinder/matrixSpirtal.scala
2020.07.28 18:33:34 WARN  no build target for: /Users/sheffmachine/Projects/algocruncher/Grinder/matrixSpirtal.scala
2020.07.28 18:37:12 WARN  no build target for: /Users/sheffmachine/Projects/algocruncher/Grinder/matrixSpirtal.scala
Jul 28, 2020 6:40:07 PM scala.meta.internal.pc.CompilerAccess retryWithCleanCompiler
INFO: compiler crashed due to an error in the Scala compiler, retrying with new compiler instance.
Jul 28, 2020 6:40:07 PM scala.meta.internal.pc.CompilerAccess handleError
SEVERE: scala.reflect.internal.Types$PolyType cannot be cast to scala.reflect.internal.Types$OverloadedType
java.lang.ClassCastException: scala.reflect.internal.Types$PolyType cannot be cast to scala.reflect.internal.Types$OverloadedType
	at scala.reflect.internal.Symbols$Symbol.alternatives(Symbols.scala:1980)
	at scala.meta.internal.pc.SignatureHelpProvider$MethodCall.alternatives(SignatureHelpProvider.scala:148)
	at scala.meta.internal.pc.SignatureHelpProvider$MethodCallTraverser.$anonfun$fromTree$2(SignatureHelpProvider.scala:276)
	at scala.meta.internal.pc.SignatureHelpProvider$MethodCallTraverser.$anonfun$fromTree$2$adapted(SignatureHelpProvider.scala:275)
	at scala.Option$WithFilter.$anonfun$withFilter$1(Option.scala:332)
	at scala.Option$WithFilter.$anonfun$withFilter$1$adapted(Option.scala:332)
	at scala.Option.filter(Option.scala:289)
	at scala.Option$WithFilter.map(Option.scala:329)
	at scala.meta.internal.pc.SignatureHelpProvider$MethodCallTraverser.fromTree(SignatureHelpProvider.scala:275)
	at scala.meta.internal.pc.SignatureHelpProvider.signatureHelp(SignatureHelpProvider.scala:27)

2020.07.28 18:40:10 WARN  no build target for: /Users/sheffmachine/Projects/algocruncher/Grinder/matrixSpirtal.scala
2020.07.28 18:40:24 WARN  no build target for: /Users/sheffmachine/Projects/algocruncher/Grinder/matrixSpirtal.scala
2020.07.28 18:40:30 WARN  no build target for: /Users/sheffmachine/Projects/algocruncher/Grinder/matrixSpirtal.scala
2020.07.28 18:40:51 WARN  no build target for: /Users/sheffmachine/Projects/algocruncher/Grinder/matrixSpirtal.scala
2020.07.28 18:41:02 WARN  no build target for: /Users/sheffmachine/Projects/algocruncher/Grinder/matrixSpirtal.scala
2020.07.28 18:41:38 WARN  no build target for: /Users/sheffmachine/Projects/algocruncher/Grinder/matrixSpirtal.scala
2020.07.28 18:45:40 WARN  no build target for: /Users/sheffmachine/Projects/algocruncher/Grinder/matrixSpirtal.scala
2020.07.28 18:49:46 WARN  no build target for: /Users/sheffmachine/Projects/algocruncher/Grinder/matrixSpirtal.scala
2020.07.28 18:50:07 WARN  no build target for: /Users/sheffmachine/Projects/algocruncher/Grinder/matrixSpirtal.scala
2020.07.28 18:50:14 WARN  no build target for: /Users/sheffmachine/Projects/algocruncher/Grinder/matrixSpirtal.scala
2020.07.28 18:51:05 WARN  no build tool detected in workspace '/Users/sheffmachine/Projects/algocruncher'. The most common cause for this problem is that the editor was opened in the wrong working directory, for example if you use sbt then the workspace directory should contain build.sbt. 
2020.07.28 18:51:05 WARN  no build tool detected in workspace '/Users/sheffmachine/Projects/algocruncher'. The most common cause for this problem is that the editor was opened in the wrong working directory, for example if you use sbt then the workspace directory should contain build.sbt. 
2020.07.28 18:51:46 WARN  no build target for: /Users/sheffmachine/Projects/algocruncher/Grinder/matrixSpirtal.scala
2020.07.28 18:51:49 WARN  no build tool detected in workspace '/Users/sheffmachine/Projects/algocruncher'. The most common cause for this problem is that the editor was opened in the wrong working directory, for example if you use sbt then the workspace directory should contain build.sbt. 
2020.07.28 18:51:49 WARN  no build tool detected in workspace '/Users/sheffmachine/Projects/algocruncher'. The most common cause for this problem is that the editor was opened in the wrong working directory, for example if you use sbt then the workspace directory should contain build.sbt. 
2020.07.28 18:52:07 WARN  no build target for: /Users/sheffmachine/Projects/algocruncher/Grinder/matrixSpirtal.scala
2020.07.28 18:52:13 WARN  no build tool detected in workspace '/Users/sheffmachine/Projects/algocruncher'. The most common cause for this problem is that the editor was opened in the wrong working directory, for example if you use sbt then the workspace directory should contain build.sbt. 
2020.07.28 18:53:39 WARN  no build target for: /Users/sheffmachine/Projects/algocruncher/Grinder/matrixSpirtal.scala
2020.07.28 18:54:12 WARN  no build target for: /Users/sheffmachine/Projects/algocruncher/Grinder/matrixSpirtal.scala
2020.07.28 18:55:37 WARN  no build tool detected in workspace '/Users/sheffmachine/Projects/algocruncher'. The most common cause for this problem is that the editor was opened in the wrong working directory, for example if you use sbt then the workspace directory should contain build.sbt. 
2020.07.28 18:55:44 WARN  no build target for: /Users/sheffmachine/Projects/algocruncher/Grinder/matrixSpirtal.scala
2020.07.28 18:55:53 WARN  no build target for: /Users/sheffmachine/Projects/algocruncher/Grinder/matrixSpirtal.scala
2020.07.28 18:56:44 WARN  no build target for: /Users/sheffmachine/Projects/algocruncher/Grinder/matrixSpirtal.scala
2020.07.28 18:56:44 WARN  no build tool detected in workspace '/Users/sheffmachine/Projects/algocruncher'. The most common cause for this problem is that the editor was opened in the wrong working directory, for example if you use sbt then the workspace directory should contain build.sbt. 
2020.07.28 18:57:09 WARN  no build target for: /Users/sheffmachine/Projects/algocruncher/Grinder/matrixSpirtal.scala
2020.07.28 18:57:31 WARN  no build target for: /Users/sheffmachine/Projects/algocruncher/Grinder/matrixSpirtal.scala
2020.07.28 18:57:35 WARN  no build target for: /Users/sheffmachine/Projects/algocruncher/Grinder/matrixSpirtal.scala
2020.07.28 18:57:49 WARN  no build tool detected in workspace '/Users/sheffmachine/Projects/algocruncher'. The most common cause for this problem is that the editor was opened in the wrong working directory, for example if you use sbt then the workspace directory should contain build.sbt. 
2020.07.28 18:58:00 WARN  no build target for: /Users/sheffmachine/Projects/algocruncher/Grinder/matrixSpirtal.scala
2020.07.28 19:00:42 WARN  no build target for: /Users/sheffmachine/Projects/algocruncher/Grinder/matrixSpirtal.scala
